Build started 10/14/2013 3:12:25 PM.
     1>Project "C:\Users\Bruno\Documents\Visual Studio 2012\Projects\HDR\jhead\jhead.vcxproj" on node 2 (Build target(s)).
     1>InitializeBuildStatus:
         Creating "Release\jhead.unsuccessfulbuild" because "AlwaysCreate" was specified.
       ClCompile:
         C:\Program Files (x86)\Microsoft Visual Studio 11.0\VC\bin\CL.exe /c /Zi /nologo /W3 /WX- /sdl /O2 /Oi /Oy- /GL /D _MBCS /Gm- /EHsc /MD /GS /Gy /fp:precise /Zc:wchar_t /Zc:forScope /Fo"Release\\" /Fd"Release\vc110.pdb" /Gd /TC /analyze- /errorReport:prompt exif.c gpsinfo.c iptc.c jhead.c jpgfile.c jpgqguess.c makernote.c myglob.c paths.c
         exif.c
         gpsinfo.c
         iptc.c
         jhead.c
     1>jhead.c(1253): warning C4033: 'GetExifWithJhead' must return a value
     1>jhead.c(1257): warning C4033: 'GetExifWithJhead' must return a value
         jpgfile.c
         jpgqguess.c
         makernote.c
         myglob.c
         paths.c
       Lib:
         C:\Program Files (x86)\Microsoft Visual Studio 11.0\VC\bin\Lib.exe /OUT:"C:\Users\Bruno\Documents\Visual Studio 2012\Projects\HDR\Release\jhead.lib" /NOLOGO /LTCG Release\exif.obj
         Release\gpsinfo.obj
         Release\iptc.obj
         Release\jhead.obj
         Release\jpgfile.obj
         Release\jpgqguess.obj
         Release\makernote.obj
         Release\myglob.obj
         Release\paths.obj
         jhead.vcxproj -> C:\Users\Bruno\Documents\Visual Studio 2012\Projects\HDR\Release\jhead.lib
       FinalizeBuildStatus:
         Deleting file "Release\jhead.unsuccessfulbuild".
         Touching "Release\jhead.lastbuildstate".
     1>Done Building Project "C:\Users\Bruno\Documents\Visual Studio 2012\Projects\HDR\jhead\jhead.vcxproj" (Build target(s)).

Build succeeded.

Time Elapsed 00:00:01.29
