C:\USERS\BRUNO\DOCUMENTS\VISUAL STUDIO 2012\PROJECTS\HDR\JHEAD\RELEASE\PATHS.OBJ
C:\USERS\BRUNO\DOCUMENTS\VISUAL STUDIO 2012\PROJECTS\HDR\JHEAD\RELEASE\MYGLOB.OBJ
C:\USERS\BRUNO\DOCUMENTS\VISUAL STUDIO 2012\PROJECTS\HDR\JHEAD\RELEASE\MAKERNOTE.OBJ
C:\USERS\BRUNO\DOCUMENTS\VISUAL STUDIO 2012\PROJECTS\HDR\JHEAD\RELEASE\JPGQGUESS.OBJ
C:\USERS\BRUNO\DOCUMENTS\VISUAL STUDIO 2012\PROJECTS\HDR\JHEAD\RELEASE\JPGFILE.OBJ
C:\USERS\BRUNO\DOCUMENTS\VISUAL STUDIO 2012\PROJECTS\HDR\JHEAD\RELEASE\JHEAD.OBJ
C:\USERS\BRUNO\DOCUMENTS\VISUAL STUDIO 2012\PROJECTS\HDR\JHEAD\RELEASE\IPTC.OBJ
C:\USERS\BRUNO\DOCUMENTS\VISUAL STUDIO 2012\PROJECTS\HDR\JHEAD\RELEASE\GPSINFO.OBJ
C:\USERS\BRUNO\DOCUMENTS\VISUAL STUDIO 2012\PROJECTS\HDR\JHEAD\RELEASE\EXIF.OBJ
C:\USERS\BRUNO\DOCUMENTS\VISUAL STUDIO 2012\PROJECTS\HDR\JHEAD\RELEASE\VC110.PDB
C:\USERS\BRUNO\DOCUMENTS\VISUAL STUDIO 2012\PROJECTS\HDR\RELEASE\JHEAD.LIB
C:\Users\Bruno\Documents\Visual Studio 2012\Projects\HDR\jhead\Release\exif.obj
C:\Users\Bruno\Documents\Visual Studio 2012\Projects\HDR\jhead\Release\gpsinfo.obj
C:\Users\Bruno\Documents\Visual Studio 2012\Projects\HDR\jhead\Release\iptc.obj
C:\Users\Bruno\Documents\Visual Studio 2012\Projects\HDR\jhead\Release\jhead.obj
C:\Users\Bruno\Documents\Visual Studio 2012\Projects\HDR\jhead\Release\jpgfile.obj
C:\Users\Bruno\Documents\Visual Studio 2012\Projects\HDR\jhead\Release\jpgqguess.obj
C:\Users\Bruno\Documents\Visual Studio 2012\Projects\HDR\jhead\Release\makernote.obj
C:\Users\Bruno\Documents\Visual Studio 2012\Projects\HDR\jhead\Release\myglob.obj
C:\Users\Bruno\Documents\Visual Studio 2012\Projects\HDR\jhead\Release\paths.obj
C:\Users\Bruno\Documents\Visual Studio 2012\Projects\HDR\jhead\Release\cl.command.1.tlog
C:\Users\Bruno\Documents\Visual Studio 2012\Projects\HDR\jhead\Release\CL.read.1.tlog
C:\Users\Bruno\Documents\Visual Studio 2012\Projects\HDR\jhead\Release\CL.write.1.tlog
C:\Users\Bruno\Documents\Visual Studio 2012\Projects\HDR\jhead\Release\Lib-link.read.1.tlog
C:\Users\Bruno\Documents\Visual Studio 2012\Projects\HDR\jhead\Release\Lib-link.write.1.tlog
C:\Users\Bruno\Documents\Visual Studio 2012\Projects\HDR\jhead\Release\lib.command.1.tlog
C:\Users\Bruno\Documents\Visual Studio 2012\Projects\HDR\jhead\Release\vc110.pdb
C:\Users\Bruno\Documents\Visual Studio 2012\Projects\HDR\Release\jhead.lib
