C:\USERS\BRUNO\DOCUMENTS\VISUAL STUDIO 2012\PROJECTS\HDR\ALIGN\RELEASE\ALIGN.OBJ
C:\USERS\BRUNO\DOCUMENTS\VISUAL STUDIO 2012\PROJECTS\HDR\ALIGN\RELEASE\VC110.PDB
C:\USERS\BRUNO\DOCUMENTS\VISUAL STUDIO 2012\PROJECTS\HDR\ALIGN\RELEASE\ALIGN.PCH
C:\USERS\BRUNO\DOCUMENTS\VISUAL STUDIO 2012\PROJECTS\HDR\ALIGN\RELEASE\STDAFX.OBJ
C:\USERS\BRUNO\DOCUMENTS\VISUAL STUDIO 2012\PROJECTS\HDR\ALIGN\RELEASE\MAIN.OBJ
C:\USERS\BRUNO\DOCUMENTS\VISUAL STUDIO 2012\PROJECTS\HDR\ALIGN\RELEASE\HDR.OBJ
C:\USERS\BRUNO\DOCUMENTS\VISUAL STUDIO 2012\PROJECTS\HDR\RELEASE\ALIGN.EXE
C:\USERS\BRUNO\DOCUMENTS\VISUAL STUDIO 2012\PROJECTS\HDR\RELEASE\ALIGN.PDB
C:\Users\Bruno\Documents\Visual Studio 2012\Projects\HDR\Align\Release\Align.obj
C:\Users\Bruno\Documents\Visual Studio 2012\Projects\HDR\Align\Release\HDR.obj
C:\Users\Bruno\Documents\Visual Studio 2012\Projects\HDR\Align\Release\main.obj
C:\Users\Bruno\Documents\Visual Studio 2012\Projects\HDR\Align\Release\stdafx.obj
C:\Users\Bruno\Documents\Visual Studio 2012\Projects\HDR\Align\Release\cl.command.1.tlog
C:\Users\Bruno\Documents\Visual Studio 2012\Projects\HDR\Align\Release\CL.read.1.tlog
C:\Users\Bruno\Documents\Visual Studio 2012\Projects\HDR\Align\Release\CL.write.1.tlog
C:\Users\Bruno\Documents\Visual Studio 2012\Projects\HDR\Align\Release\link-cvtres.read.1.tlog
C:\Users\Bruno\Documents\Visual Studio 2012\Projects\HDR\Align\Release\link-cvtres.write.1.tlog
C:\Users\Bruno\Documents\Visual Studio 2012\Projects\HDR\Align\Release\link-rc.read.1.tlog
C:\Users\Bruno\Documents\Visual Studio 2012\Projects\HDR\Align\Release\link-rc.write.1.tlog
C:\Users\Bruno\Documents\Visual Studio 2012\Projects\HDR\Align\Release\link.command.1.tlog
C:\Users\Bruno\Documents\Visual Studio 2012\Projects\HDR\Align\Release\link.read.1.tlog
C:\Users\Bruno\Documents\Visual Studio 2012\Projects\HDR\Align\Release\link.read.3.tlog
C:\Users\Bruno\Documents\Visual Studio 2012\Projects\HDR\Align\Release\link.read.4.tlog
C:\Users\Bruno\Documents\Visual Studio 2012\Projects\HDR\Align\Release\link.read.5.tlog
C:\Users\Bruno\Documents\Visual Studio 2012\Projects\HDR\Align\Release\link.read.6.tlog
C:\Users\Bruno\Documents\Visual Studio 2012\Projects\HDR\Align\Release\link.write.1.tlog
C:\Users\Bruno\Documents\Visual Studio 2012\Projects\HDR\Align\Release\Align.pch
C:\Users\Bruno\Documents\Visual Studio 2012\Projects\HDR\Align\Release\vc110.pdb
C:\Users\Bruno\Documents\Visual Studio 2012\Projects\HDR\Release\Align.pdb
C:\Users\Bruno\Documents\Visual Studio 2012\Projects\HDR\Release\Align.exe
