C:\USERS\BRUNO\DOCUMENTS\VISUAL STUDIO 2012\PROJECTS\HDR\JHEAD\DEBUG\EXIF.OBJ
C:\USERS\BRUNO\DOCUMENTS\VISUAL STUDIO 2012\PROJECTS\HDR\JHEAD\DEBUG\GPSINFO.OBJ
C:\USERS\BRUNO\DOCUMENTS\VISUAL STUDIO 2012\PROJECTS\HDR\JHEAD\DEBUG\IPTC.OBJ
C:\USERS\BRUNO\DOCUMENTS\VISUAL STUDIO 2012\PROJECTS\HDR\JHEAD\DEBUG\JHEAD.OBJ
C:\USERS\BRUNO\DOCUMENTS\VISUAL STUDIO 2012\PROJECTS\HDR\JHEAD\DEBUG\JPGFILE.OBJ
C:\USERS\BRUNO\DOCUMENTS\VISUAL STUDIO 2012\PROJECTS\HDR\JHEAD\DEBUG\JPGQGUESS.OBJ
C:\USERS\BRUNO\DOCUMENTS\VISUAL STUDIO 2012\PROJECTS\HDR\JHEAD\DEBUG\MAKERNOTE.OBJ
C:\USERS\BRUNO\DOCUMENTS\VISUAL STUDIO 2012\PROJECTS\HDR\JHEAD\DEBUG\MYGLOB.OBJ
C:\USERS\BRUNO\DOCUMENTS\VISUAL STUDIO 2012\PROJECTS\HDR\JHEAD\DEBUG\PATHS.OBJ
C:\USERS\BRUNO\DOCUMENTS\VISUAL STUDIO 2012\PROJECTS\HDR\JHEAD\DEBUG\VC110.PDB
C:\USERS\BRUNO\DOCUMENTS\VISUAL STUDIO 2012\PROJECTS\HDR\DEBUG\JHEAD.LIB
C:\Users\Bruno\Documents\Visual Studio 2012\Projects\HDR\jhead\Debug\exif.obj
C:\Users\Bruno\Documents\Visual Studio 2012\Projects\HDR\jhead\Debug\gpsinfo.obj
C:\Users\Bruno\Documents\Visual Studio 2012\Projects\HDR\jhead\Debug\iptc.obj
C:\Users\Bruno\Documents\Visual Studio 2012\Projects\HDR\jhead\Debug\jhead.obj
C:\Users\Bruno\Documents\Visual Studio 2012\Projects\HDR\jhead\Debug\jpgfile.obj
C:\Users\Bruno\Documents\Visual Studio 2012\Projects\HDR\jhead\Debug\jpgqguess.obj
C:\Users\Bruno\Documents\Visual Studio 2012\Projects\HDR\jhead\Debug\makernote.obj
C:\Users\Bruno\Documents\Visual Studio 2012\Projects\HDR\jhead\Debug\myglob.obj
C:\Users\Bruno\Documents\Visual Studio 2012\Projects\HDR\jhead\Debug\paths.obj
C:\Users\Bruno\Documents\Visual Studio 2012\Projects\HDR\jhead\Debug\cl.command.1.tlog
C:\Users\Bruno\Documents\Visual Studio 2012\Projects\HDR\jhead\Debug\CL.read.1.tlog
C:\Users\Bruno\Documents\Visual Studio 2012\Projects\HDR\jhead\Debug\CL.write.1.tlog
C:\Users\Bruno\Documents\Visual Studio 2012\Projects\HDR\jhead\Debug\Lib-link.read.1.tlog
C:\Users\Bruno\Documents\Visual Studio 2012\Projects\HDR\jhead\Debug\Lib-link.write.1.tlog
C:\Users\Bruno\Documents\Visual Studio 2012\Projects\HDR\jhead\Debug\lib.command.1.tlog
C:\Users\Bruno\Documents\Visual Studio 2012\Projects\HDR\jhead\Debug\vc110.idb
C:\Users\Bruno\Documents\Visual Studio 2012\Projects\HDR\jhead\Debug\vc110.pdb
C:\Users\Bruno\Documents\Visual Studio 2012\Projects\HDR\Debug\jhead.lib
